<?xml version="1.0" encoding="UTF-8"?>
<!-- Generated by org.testng.reporters.JUnitXMLReporter -->
<testsuite ignored="0" hostname="Sachins-MBP.fios-router.home" failures="0" tests="3" name="Test" time="15.003" errors="0" timestamp="2022-02-21T22:01:25 EST">
  <testcase classname="com.mystore.testcases.IndexPageTest" name="verifyTitle" time="0.037"/>
  <testcase classname="com.mystore.testcases.IndexPageTest" name="verifyLogo" time="0.079"/>
  <testcase classname="com.mystore.testcases.IndexPageTest" name="clickSignInBtn" time="1.486"/>
</testsuite> <!-- Test -->
