<?xml version="1.0" encoding="UTF-8"?>
<testng-results ignored="0" total="1" passed="1" failed="0" skipped="0">
  <reporter-output>
  </reporter-output>
  <suite started-at="2022-02-19T18:18:45 EST" name="Suite" finished-at="2022-02-19T18:18:51 EST" duration-ms="6918">
    <groups>
    </groups>
    <test started-at="2022-02-19T18:18:45 EST" name="Test" finished-at="2022-02-19T18:18:51 EST" duration-ms="6918">
      <class name="com.mystore.testcases.IndexPageTest">
        <test-method is-config="true" signature="loadConfig()[pri:0, instance:com.mystore.testcases.IndexPageTest@1b1426f4]" started-at="2022-02-19T18:18:44 EST" name="loadConfig" finished-at="2022-02-19T18:18:45 EST" duration-ms="8" status="PASS">
          <reporter-output>
          </reporter-output>
        </test-method> <!-- loadConfig -->
        <test-method is-config="true" signature="setup(java.lang.String)[pri:0, instance:com.mystore.testcases.IndexPageTest@1b1426f4]" started-at="2022-02-19T18:18:45 EST" name="setup" finished-at="2022-02-19T18:18:51 EST" duration-ms="6721" status="PASS">
          <params>
            <param index="0">
              <value>
                <![CDATA[chrome]]>
              </value>
            </param>
          </params>
          <reporter-output>
          </reporter-output>
        </test-method> <!-- setup -->
        <test-method signature="verifyTitle()[pri:0, instance:com.mystore.testcases.IndexPageTest@1b1426f4]" started-at="2022-02-19T18:18:51 EST" name="verifyTitle" finished-at="2022-02-19T18:18:51 EST" duration-ms="15" status="PASS">
          <reporter-output>
          </reporter-output>
        </test-method> <!-- verifyTitle -->
        <test-method is-config="true" signature="tearDown()[pri:0, instance:com.mystore.testcases.IndexPageTest@1b1426f4]" started-at="2022-02-19T18:18:51 EST" name="tearDown" finished-at="2022-02-19T18:18:51 EST" duration-ms="155" status="PASS">
          <reporter-output>
          </reporter-output>
        </test-method> <!-- tearDown -->
      </class> <!-- com.mystore.testcases.IndexPageTest -->
    </test> <!-- Test -->
  </suite> <!-- Suite -->
</testng-results>
