<?xml version="1.0" encoding="UTF-8"?>
<testng-results ignored="0" total="3" passed="3" failed="0" skipped="0">
  <reporter-output>
  </reporter-output>
  <suite started-at="2022-02-21T22:01:10 EST" name="Suite" finished-at="2022-02-21T22:01:25 EST" duration-ms="15003">
    <groups>
    </groups>
    <test started-at="2022-02-21T22:01:10 EST" name="Test" finished-at="2022-02-21T22:01:25 EST" duration-ms="15003">
      <class name="com.mystore.testcases.IndexPageTest">
        <test-method is-config="true" signature="loadConfig()[pri:0, instance:com.mystore.testcases.IndexPageTest@1da2cb77]" started-at="2022-02-21T22:01:09 EST" name="loadConfig" finished-at="2022-02-21T22:01:10 EST" duration-ms="374" status="PASS">
          <reporter-output>
          </reporter-output>
        </test-method> <!-- loadConfig -->
        <test-method is-config="true" signature="setup(java.lang.String)[pri:0, instance:com.mystore.testcases.IndexPageTest@1da2cb77]" started-at="2022-02-21T22:01:10 EST" name="setup" finished-at="2022-02-21T22:01:15 EST" duration-ms="4985" status="PASS">
          <params>
            <param index="0">
              <value>
                <![CDATA[chrome]]>
              </value>
            </param>
          </params>
          <reporter-output>
          </reporter-output>
        </test-method> <!-- setup -->
        <test-method signature="verifyTitle()[pri:1, instance:com.mystore.testcases.IndexPageTest@1da2cb77]" started-at="2022-02-21T22:01:15 EST" name="verifyTitle" finished-at="2022-02-21T22:01:15 EST" duration-ms="37" status="PASS">
          <reporter-output>
          </reporter-output>
        </test-method> <!-- verifyTitle -->
        <test-method is-config="true" signature="tearDown()[pri:0, instance:com.mystore.testcases.IndexPageTest@1da2cb77]" started-at="2022-02-21T22:01:15 EST" name="tearDown" finished-at="2022-02-21T22:01:15 EST" duration-ms="124" status="PASS">
          <reporter-output>
          </reporter-output>
        </test-method> <!-- tearDown -->
        <test-method is-config="true" signature="setup(java.lang.String)[pri:0, instance:com.mystore.testcases.IndexPageTest@1da2cb77]" started-at="2022-02-21T22:01:15 EST" name="setup" finished-at="2022-02-21T22:01:19 EST" duration-ms="3817" status="PASS">
          <params>
            <param index="0">
              <value>
                <![CDATA[chrome]]>
              </value>
            </param>
          </params>
          <reporter-output>
          </reporter-output>
        </test-method> <!-- setup -->
        <test-method signature="verifyLogo()[pri:2, instance:com.mystore.testcases.IndexPageTest@1da2cb77]" started-at="2022-02-21T22:01:19 EST" name="verifyLogo" finished-at="2022-02-21T22:01:19 EST" duration-ms="79" status="PASS">
          <reporter-output>
          </reporter-output>
        </test-method> <!-- verifyLogo -->
        <test-method is-config="true" signature="tearDown()[pri:0, instance:com.mystore.testcases.IndexPageTest@1da2cb77]" started-at="2022-02-21T22:01:19 EST" name="tearDown" finished-at="2022-02-21T22:01:19 EST" duration-ms="111" status="PASS">
          <reporter-output>
          </reporter-output>
        </test-method> <!-- tearDown -->
        <test-method is-config="true" signature="setup(java.lang.String)[pri:0, instance:com.mystore.testcases.IndexPageTest@1da2cb77]" started-at="2022-02-21T22:01:19 EST" name="setup" finished-at="2022-02-21T22:01:23 EST" duration-ms="4215" status="PASS">
          <params>
            <param index="0">
              <value>
                <![CDATA[chrome]]>
              </value>
            </param>
          </params>
          <reporter-output>
          </reporter-output>
        </test-method> <!-- setup -->
        <test-method signature="clickSignInBtn()[pri:3, instance:com.mystore.testcases.IndexPageTest@1da2cb77]" started-at="2022-02-21T22:01:23 EST" name="clickSignInBtn" finished-at="2022-02-21T22:01:25 EST" duration-ms="1486" status="PASS">
          <reporter-output>
          </reporter-output>
        </test-method> <!-- clickSignInBtn -->
        <test-method is-config="true" signature="tearDown()[pri:0, instance:com.mystore.testcases.IndexPageTest@1da2cb77]" started-at="2022-02-21T22:01:25 EST" name="tearDown" finished-at="2022-02-21T22:01:25 EST" duration-ms="118" status="PASS">
          <reporter-output>
          </reporter-output>
        </test-method> <!-- tearDown -->
        <test-method is-config="true" signature="afterSuite()[pri:0, instance:com.mystore.testcases.IndexPageTest@1da2cb77]" started-at="2022-02-21T22:01:25 EST" name="afterSuite" finished-at="2022-02-21T22:01:25 EST" duration-ms="323" status="PASS">
          <reporter-output>
          </reporter-output>
        </test-method> <!-- afterSuite -->
      </class> <!-- com.mystore.testcases.IndexPageTest -->
    </test> <!-- Test -->
  </suite> <!-- Suite -->
</testng-results>
